Automated daily sync at Sun Mar  1 06:21:08 UTC 2026
Automated daily sync at Sun Mar  1 08:54:25 UTC 2026
Automated daily sync at Sun Mar  1 09:21:40 UTC 2026
Automated daily sync at Sun Mar  1 09:24:51 UTC 2026
Automated daily sync at Sun Mar  1 09:31:10 UTC 2026
Automated daily sync at Sun Mar  1 09:40:55 UTC 2026
Automated daily sync at Sun Mar  1 14:50:10 UTC 2026
Automated daily sync at Mon Mar  2 15:06:28 UTC 2026
Automated daily sync at Tue Mar  3 15:13:13 UTC 2026
Automated daily sync at Wed Mar  4 15:05:19 UTC 2026
Automated daily sync at Thu Mar  5 15:13:30 UTC 2026
Automated daily sync at Fri Mar  6 15:04:44 UTC 2026
Automated daily sync at Sat Mar  7 14:49:41 UTC 2026
Automated daily sync at Sun Mar  8 14:50:48 UTC 2026
Automated daily sync at Mon Mar  9 15:31:26 UTC 2026
Automated daily sync at Tue Mar 10 15:31:17 UTC 2026
Automated daily sync at Wed Mar 11 15:13:02 UTC 2026
Automated daily sync at Thu Mar 12 15:30:09 UTC 2026
Automated daily sync at Fri Mar 13 15:09:26 UTC 2026
Automated daily sync at Sat Mar 14 14:54:43 UTC 2026
Automated daily sync at Sun Mar 15 14:55:49 UTC 2026
Automated daily sync at Mon Mar 16 15:39:21 UTC 2026
Automated daily sync at Tue Mar 17 15:38:55 UTC 2026
Automated daily sync at Wed Mar 18 15:47:46 UTC 2026
Automated daily sync at Thu Mar 19 15:12:15 UTC 2026
Automated daily sync at Fri Mar 20 15:10:47 UTC 2026
Automated daily sync at Sat Mar 21 14:53:28 UTC 2026
Automated daily sync at Sun Mar 22 14:54:01 UTC 2026
Automated daily sync at Mon Mar 23 15:35:42 UTC 2026
Automated daily sync at Tue Mar 24 15:42:06 UTC 2026
Automated daily sync at Wed Mar 25 15:45:09 UTC 2026
Automated daily sync at Thu Mar 26 15:51:02 UTC 2026
Automated daily sync at Fri Mar 27 15:25:59 UTC 2026
Automated daily sync at Sat Mar 28 14:57:54 UTC 2026
Automated daily sync at Sun Mar 29 15:00:28 UTC 2026
Automated daily sync at Mon Mar 30 15:50:26 UTC 2026
Automated daily sync at Tue Mar 31 15:46:55 UTC 2026
Automated daily sync at Wed Apr  1 15:52:44 UTC 2026
Automated daily sync at Thu Apr  2 15:35:24 UTC 2026
Automated daily sync at Fri Apr  3 15:09:31 UTC 2026
Automated daily sync at Sat Apr  4 14:59:47 UTC 2026
Automated daily sync at Sun Apr  5 15:02:08 UTC 2026
Automated daily sync at Mon Apr  6 15:11:27 UTC 2026
Automated daily sync at Tue Apr  7 15:55:45 UTC 2026
Automated daily sync at Wed Apr  8 15:58:05 UTC 2026
Automated daily sync at Thu Apr  9 16:02:15 UTC 2026
Automated daily sync at Fri Apr 10 15:26:18 UTC 2026
Automated daily sync at Sat Apr 11 15:02:53 UTC 2026
Automated daily sync at Sun Apr 12 15:05:26 UTC 2026
Automated daily sync at Mon Apr 13 15:56:43 UTC 2026
Automated daily sync at Tue Apr 14 15:49:23 UTC 2026
Automated daily sync at Wed Apr 15 15:47:32 UTC 2026
Automated daily sync at Thu Apr 16 16:05:18 UTC 2026
Automated daily sync at Fri Apr 17 15:36:24 UTC 2026
Automated daily sync at Sat Apr 18 15:06:46 UTC 2026
Automated daily sync at Sun Apr 19 15:06:51 UTC 2026
Automated daily sync at Mon Apr 20 15:52:35 UTC 2026
Automated daily sync at Tue Apr 21 15:52:15 UTC 2026
